<?xml version="1.0" encoding="UTF-8"?>
<!-- Generated by org.testng.reporters.JUnitReportReporter -->
<testsuite hostname="PavithraSubburaj" failures="0" tests="6" name="testcases.TC003_DataStructureIntroPageValidation" time="91.079" errors="0" timestamp="2024-11-21T09:58:57 CST" skipped="0">
  <testcase classname="testcases.TC003_DataStructureIntroPageValidation" name="verify_DataStructure__PageValidation" time="9.405"/>
  <testcase classname="testcases.TC003_DataStructureIntroPageValidation" name="verify_DataStructure_TimeComplexity_Link" time="9.163"/>
  <testcase classname="testcases.TC003_DataStructureIntroPageValidation" name="verify_DataStructure_TimeComplexity_tryherebtn_Link" time="10.660"/>
  <testcase classname="testcases.TC003_DataStructureIntroPageValidation" name="verify_DataStructure_TimeComplexity_pythoncode" time="31.785"/>
  <testcase classname="testcases.TC003_DataStructureIntroPageValidation" name="verify_DataStructure_TimeComplexity_pythoncode" time="17.441"/>
  <testcase classname="testcases.TC003_DataStructureIntroPageValidation" name="verify_DataStructure_TimeComplexity_pythoncode" time="12.625"/>
</testsuite> <!-- testcases.TC003_DataStructureIntroPageValidation -->
