<?xml version="1.0" encoding="UTF-8"?>
<!-- Generated by org.testng.reporters.JUnitReportReporter -->
<testsuite hostname="PavithraSubburaj" failures="0" tests="31" name="testcases.TC004_HomePageValidation" time="205.711" errors="0" timestamp="2024-11-21T09:58:57 CST" skipped="0">
  <testcase classname="testcases.TC004_HomePageValidation" name="verify_stackOption" time="30.835"/>
  <testcase classname="testcases.TC004_HomePageValidation" name="verify_stack_dropdown" time="13.104"/>
  <testcase classname="testcases.TC004_HomePageValidation" name="verify_datastructureOption" time="6.070"/>
  <testcase classname="testcases.TC004_HomePageValidation" name="verify_ArrayOption" time="7.687"/>
  <testcase classname="testcases.TC004_HomePageValidation" name="verify_Array_dropdown" time="8.065"/>
  <testcase classname="testcases.TC004_HomePageValidation" name="verify_LinkedListOption" time="6.478"/>
  <testcase classname="testcases.TC004_HomePageValidation" name="verify_LinkedList_dropdown" time="7.941"/>
  <testcase classname="testcases.TC004_HomePageValidation" name="verify_GraphOption" time="8.148"/>
  <testcase classname="testcases.TC004_HomePageValidation" name="verify_Graph_dropdown" time="5.788"/>
  <testcase classname="testcases.TC004_HomePageValidation" name="verify_TreeOption" time="4.505"/>
  <testcase classname="testcases.TC004_HomePageValidation" name="verify_Tree_dropdown" time="6.466"/>
  <testcase classname="testcases.TC004_HomePageValidation" name="verify_QueueOption" time="6.713"/>
  <testcase classname="testcases.TC004_HomePageValidation" name="verify_Queue_dropdown" time="7.085"/>
  <testcase classname="testcases.TC004_HomePageValidation" name="verify_stackOption_Unsuccessful_login" time="5.538"/>
  <testcase classname="testcases.TC004_HomePageValidation" name="verify_stack_dropdown_Unsuccessful_login" time="4.182"/>
  <testcase classname="testcases.TC004_HomePageValidation" name="verify_datastructureOption_Unsuccessful_login" time="4.329"/>
  <testcase classname="testcases.TC004_HomePageValidation" name="verify_ArrayOption_Unsuccessful_login" time="5.130"/>
  <testcase classname="testcases.TC004_HomePageValidation" name="verify_Array_dropdown_Unsuccessful_login" time="3.927"/>
  <testcase classname="testcases.TC004_HomePageValidation" name="verify_LinkedListOption_Unsuccessful_login" time="5.865"/>
  <testcase classname="testcases.TC004_HomePageValidation" name="verify_LinkedList_dropdown_Unsuccessful_login" time="5.115"/>
  <testcase classname="testcases.TC004_HomePageValidation" name="verify_GraphOption_Unsuccessful_login" time="5.301"/>
  <testcase classname="testcases.TC004_HomePageValidation" name="verify_Graph_dropdown_Unsuccessful_login" time="4.173"/>
  <testcase classname="testcases.TC004_HomePageValidation" name="verify_TreeOption_Unsuccessful_login" time="4.889"/>
  <testcase classname="testcases.TC004_HomePageValidation" name="verify_Tree_dropdown_Unsuccessful_login" time="3.711"/>
  <testcase classname="testcases.TC004_HomePageValidation" name="verify_QueueOption_Unsuccessful_login" time="4.668"/>
  <testcase classname="testcases.TC004_HomePageValidation" name="verify_Queue_dropdown_Unsuccessful_login" time="4.048"/>
  <testcase classname="testcases.TC004_HomePageValidation" name="verify_LoginPage" time="5.483"/>
  <testcase classname="testcases.TC004_HomePageValidation" name="verify_dropdown_button" time="4.366"/>
  <testcase classname="testcases.TC004_HomePageValidation" name="verify_dropdown_button_successfullLogin" time="5.022"/>
  <testcase classname="testcases.TC004_HomePageValidation" name="verify_registerPage" time="4.224"/>
  <testcase classname="testcases.TC004_HomePageValidation" name="verify_Successfull_logout" time="6.855"/>
</testsuite> <!-- testcases.TC004_HomePageValidation -->
