<?xml version="1.0" encoding="UTF-8"?>
<!-- Generated by org.testng.reporters.JUnitReportReporter -->
<testsuite hostname="PavithraSubburaj" failures="0" tests="2" name="testcases.TC002_GetStartedPageValidation" time="6.962" errors="0" timestamp="2024-11-21T10:08:47 CST" skipped="0">
  <testcase classname="testcases.TC002_GetStartedPageValidation" name="verify_Getstarted_PageValidation" time="3.498"/>
  <testcase classname="testcases.TC002_GetStartedPageValidation" name="verify_Getstarted_button" time="3.464"/>
</testsuite> <!-- testcases.TC002_GetStartedPageValidation -->
