<?xml version="1.0" encoding="UTF-8"?>
<!-- Generated by org.testng.reporters.JUnitReportReporter -->
<testsuite hostname="PavithraSubburaj" failures="0" tests="6" name="testcases.TC003_DataStructureIntroPageValidation" time="59.402" errors="0" timestamp="2024-11-20T11:57:32 CST" skipped="0">
  <testcase classname="testcases.TC003_DataStructureIntroPageValidation" name="verify_DataStructure__PageValidation" time="11.778"/>
  <testcase classname="testcases.TC003_DataStructureIntroPageValidation" name="verify_DataStructure_TimeComplexity_Link" time="8.257"/>
  <testcase classname="testcases.TC003_DataStructureIntroPageValidation" name="verify_DataStructure_TimeComplexity_tryherebtn_Link" time="9.438"/>
  <testcase classname="testcases.TC003_DataStructureIntroPageValidation" name="verify_DataStructure_TimeComplexity_pythoncode" time="9.814"/>
  <testcase classname="testcases.TC003_DataStructureIntroPageValidation" name="verify_DataStructure_TimeComplexity_pythoncode" time="9.841"/>
  <testcase classname="testcases.TC003_DataStructureIntroPageValidation" name="verify_DataStructure_TimeComplexity_pythoncode" time="10.274"/>
</testsuite> <!-- testcases.TC003_DataStructureIntroPageValidation -->
