<?xml version="1.0" encoding="UTF-8"?>
<!-- Generated by org.testng.reporters.JUnitReportReporter -->
<testsuite hostname="PavithraSubburaj" failures="0" tests="2" name="testcases.TC002_GetStartedPageValidation" time="19.739" errors="0" timestamp="2024-11-20T11:57:32 CST" skipped="0">
  <testcase classname="testcases.TC002_GetStartedPageValidation" name="verify_Getstarted_PageValidation" time="11.489"/>
  <testcase classname="testcases.TC002_GetStartedPageValidation" name="verify_Getstarted_button" time="8.250"/>
</testsuite> <!-- testcases.TC002_GetStartedPageValidation -->
